[ 2017-06-18T18:21:06+08:00 ] ::1 /StuTP/shop/index.php/Home/User/%3C?php%20echo%20CSS_URL;%20?%3Estyle.css
ERR: 非法操作:

[ 2017-06-18T18:21:06+08:00 ] ::1 /StuTP/shop/index.php/Home/User/%3C?php%20echo%20IMG_URL;%20?%3Ebiao6.gif
ERR: 非法操作:

[ 2017-06-18T18:21:06+08:00 ] ::1 /StuTP/shop/index.php/Home/User/%3C?php%20echo%20IMG_URL;%20?%3Ebiao3.gif
ERR: 非法操作:

[ 2017-06-18T18:21:06+08:00 ] ::1 /StuTP/shop/index.php/Home/User/%3C?php%20echo%20IMG_URL;%20?%3Ebiao7.gif
ERR: 非法操作:

[ 2017-06-18T18:21:06+08:00 ] ::1 /StuTP/shop/index.php/Home/User/%3C?php%20echo%20IMG_URL;%20?%3Edi.jpg
ERR: 非法操作:

[ 2017-06-18T18:21:06+08:00 ] ::1 /StuTP/shop/index.php/Home/User/%3C?php%20echo%20IMG_URL;%20?%3Ebnt_ur_reg.gif
ERR: 非法操作:

[ 2017-06-18T18:21:06+08:00 ] ::1 /StuTP/shop/index.php/Home/User/%3C?php%20echo%20IMG_URL;%20?%3Elogo.gif
ERR: 非法操作:

[ 2017-06-18T18:21:06+08:00 ] ::1 /StuTP/shop/index.php/Home/User/%3C?php%20echo%20IMG_URL;%20?%3Esousuo.gif
ERR: 非法操作:

[ 2017-06-18T18:22:22+08:00 ] ::1 /StuTP/shop/index.php/Home/User/%3C?php%20echo%20CSS_URL;%20?%3Estyle.css
ERR: 非法操作:

[ 2017-06-18T18:22:22+08:00 ] ::1 /StuTP/shop/index.php/Home/User/%3C?php%20echo%20IMG_URL;%20?%3Ebiao6.gif
ERR: 非法操作:

[ 2017-06-18T18:22:22+08:00 ] ::1 /StuTP/shop/index.php/Home/User/%3C?php%20echo%20IMG_URL;%20?%3Edi.jpg
ERR: 非法操作:

[ 2017-06-18T18:22:22+08:00 ] ::1 /StuTP/shop/index.php/Home/User/%3C?php%20echo%20IMG_URL;%20?%3Elogo.gif
ERR: 非法操作:

[ 2017-06-18T18:22:22+08:00 ] ::1 /StuTP/shop/index.php/Home/User/%3C?php%20echo%20IMG_URL;%20?%3Ebiao7.gif
ERR: 非法操作:

[ 2017-06-18T18:22:22+08:00 ] ::1 /StuTP/shop/index.php/Home/User/%3C?php%20echo%20IMG_URL;%20?%3Ebnt_ur_reg.gif
ERR: 非法操作:

[ 2017-06-18T18:22:22+08:00 ] ::1 /StuTP/shop/index.php/Home/User/%3C?php%20echo%20IMG_URL;%20?%3Esousuo.gif
ERR: 非法操作:

[ 2017-06-18T18:22:22+08:00 ] ::1 /StuTP/shop/index.php/Home/User/%3C?php%20echo%20IMG_URL;%20?%3Ebiao3.gif
ERR: 非法操作:

[ 2017-06-18T18:22:25+08:00 ] ::1 /StuTP/shop/index.php/Home/User/%3C?php%20echo%20CSS_URL;%20?%3Estyle.css
ERR: 非法操作:

[ 2017-06-18T18:22:25+08:00 ] ::1 /StuTP/shop/index.php/Home/User/%3C?php%20echo%20IMG_URL;%20?%3Ebiao3.gif
ERR: 非法操作:

[ 2017-06-18T18:22:25+08:00 ] ::1 /StuTP/shop/index.php/Home/User/%3C?php%20echo%20IMG_URL;%20?%3Elogo.gif
ERR: 非法操作:

[ 2017-06-18T18:22:25+08:00 ] ::1 /StuTP/shop/index.php/Home/User/%3C?php%20echo%20IMG_URL;%20?%3Ebiao7.gif
ERR: 非法操作:

[ 2017-06-18T18:22:25+08:00 ] ::1 /StuTP/shop/index.php/Home/User/%3C?php%20echo%20IMG_URL;%20?%3Edi.jpg
ERR: 非法操作:

[ 2017-06-18T18:22:25+08:00 ] ::1 /StuTP/shop/index.php/Home/User/%3C?php%20echo%20IMG_URL;%20?%3Ebnt_ur_reg.gif
ERR: 非法操作:

[ 2017-06-18T18:22:25+08:00 ] ::1 /StuTP/shop/index.php/Home/User/%3C?php%20echo%20IMG_URL;%20?%3Ebiao6.gif
ERR: 非法操作:

[ 2017-06-18T18:22:25+08:00 ] ::1 /StuTP/shop/index.php/Home/User/%3C?php%20echo%20IMG_URL;%20?%3Esousuo.gif
ERR: 非法操作:

[ 2017-06-18T18:22:25+08:00 ] ::1 /StuTP/shop/index.php/Home/User/%3C?php%20echo%20CSS_URL;%20?%3Estyle.css
ERR: 非法操作:

[ 2017-06-18T18:22:25+08:00 ] ::1 /StuTP/shop/index.php/Home/User/%3C?php%20echo%20IMG_URL;%20?%3Ebiao6.gif
ERR: 非法操作:

[ 2017-06-18T18:22:25+08:00 ] ::1 /StuTP/shop/index.php/Home/User/%3C?php%20echo%20IMG_URL;%20?%3Ebiao3.gif
ERR: 非法操作:

[ 2017-06-18T18:22:25+08:00 ] ::1 /StuTP/shop/index.php/Home/User/%3C?php%20echo%20IMG_URL;%20?%3Elogo.gif
ERR: 非法操作:

[ 2017-06-18T18:22:25+08:00 ] ::1 /StuTP/shop/index.php/Home/User/%3C?php%20echo%20IMG_URL;%20?%3Ebiao7.gif
ERR: 非法操作:

[ 2017-06-18T18:22:25+08:00 ] ::1 /StuTP/shop/index.php/Home/User/%3C?php%20echo%20IMG_URL;%20?%3Ebnt_ur_reg.gif
ERR: 非法操作:

[ 2017-06-18T18:22:25+08:00 ] ::1 /StuTP/shop/index.php/Home/User/%3C?php%20echo%20IMG_URL;%20?%3Edi.jpg
ERR: 非法操作:

[ 2017-06-18T18:22:25+08:00 ] ::1 /StuTP/shop/index.php/Home/User/%3C?php%20echo%20IMG_URL;%20?%3Esousuo.gif
ERR: 非法操作:

[ 2017-06-18T18:25:36+08:00 ] ::1 /StuTP/shop/index.php/Home/User/%3C?php%20echo%20CSS_URL;%20?%3Estyle.css
ERR: 非法操作:

[ 2017-06-18T18:25:36+08:00 ] ::1 /StuTP/shop/index.php/Home/User/%3C?php%20echo%20IMG_URL;%20?%3Ebiao6.gif
ERR: 非法操作:

[ 2017-06-18T18:25:36+08:00 ] ::1 /StuTP/shop/index.php/Home/User/%3C?php%20echo%20IMG_URL;%20?%3Elogo.gif
ERR: 非法操作:

[ 2017-06-18T18:25:36+08:00 ] ::1 /StuTP/shop/index.php/Home/User/%3C?php%20echo%20IMG_URL;%20?%3Edi.jpg
ERR: 非法操作:

[ 2017-06-18T18:25:36+08:00 ] ::1 /StuTP/shop/index.php/Home/User/%3C?php%20echo%20IMG_URL;%20?%3Ebnt_ur_reg.gif
ERR: 非法操作:

[ 2017-06-18T18:25:36+08:00 ] ::1 /StuTP/shop/index.php/Home/User/%3C?php%20echo%20IMG_URL;%20?%3Ebiao7.gif
ERR: 非法操作:

[ 2017-06-18T18:25:36+08:00 ] ::1 /StuTP/shop/index.php/Home/User/%3C?php%20echo%20IMG_URL;%20?%3Ebiao3.gif
ERR: 非法操作:

[ 2017-06-18T18:25:36+08:00 ] ::1 /StuTP/shop/index.php/Home/User/%3C?php%20echo%20IMG_URL;%20?%3Esousuo.gif
ERR: 非法操作:

[ 2017-06-18T18:25:40+08:00 ] ::1 /StuTP/shop/index.php/Home/User/%3C?php%20echo%20CSS_URL;%20?%3Estyle.css
ERR: 非法操作:

[ 2017-06-18T18:27:23+08:00 ] ::1 /StuTP/shop/index.php/Home/User/%3C?php%20echo%20CSS_URL;%20?%3Estyle.css
ERR: 非法操作:

[ 2017-06-18T18:27:25+08:00 ] ::1 /StuTP/shop/index.php/Home/User/%3C?php%20echo%20CSS_URL;%20?%3Estyle.css
ERR: 非法操作:

