[ 2017-07-17T00:37:42+08:00 ] ::1 /stuTP/shop/index.php/admin/index/index.php
ERR: 非法操作:index.php

[ 2017-07-17T00:40:42+08:00 ] ::1 /stuTP/shop/index.php/admin/index/index.php
ERR: 非法操作:index.php

[ 2017-07-17T00:40:46+08:00 ] ::1 /stuTP/shop/index.php/admin/index/index.php
ERR: 非法操作:index.php

[ 2017-07-17T11:28:28+08:00 ] ::1 /stuTP/shop/index.php/Admin/goods/showlist.hhh
ERR: 非法操作:showlist.hhh

[ 2017-07-17T11:30:10+08:00 ] ::1 /stuTP/shop/index.php/Admin/goods/showlist.hhh
ERR: 非法操作:showlist.hhh

[ 2017-07-17T11:30:12+08:00 ] ::1 /stuTP/shop/index.php/Admin/goods/showlist.hhh
ERR: 非法操作:showlist.hhh

[ 2017-07-17T11:30:53+08:00 ] ::1 /stuTP/shop/index.php/Admin/goods/showlist.hhh
ERR: 非法操作:showlist.hhh

[ 2017-07-17T11:30:55+08:00 ] ::1 /stuTP/shop/index.php/Admin/goods/showlist.hhh
ERR: 非法操作:showlist.hhh

[ 2017-07-17T11:32:25+08:00 ] ::1 /stuTP/shop/index.php/Admin/goods/showlist.hhh
ERR: 非法操作:showlist.hhh

[ 2017-07-17T11:32:27+08:00 ] ::1 /stuTP/shop/index.php/Admin/goods/showlist.hhh
ERR: 非法操作:showlist.hhh

[ 2017-07-17T11:32:29+08:00 ] ::1 /stuTP/shop/index.php/Admin/goods/showlist.hhh
ERR: 非法操作:showlist.hhh

[ 2017-07-17T11:33:35+08:00 ] ::1 /stuTP/shop/index.php/Admin/goods/showlist.hhh
ERR: 非法操作:showlist.hhh

[ 2017-07-17T11:34:06+08:00 ] ::1 /stuTP/shop/index.php/Admin/goods/showlist.hhh
ERR: 非法操作:showlist.hhh

[ 2017-07-17T11:34:07+08:00 ] ::1 /stuTP/shop/index.php/Admin/goods/showlist.hhh
ERR: 非法操作:showlist.hhh

[ 2017-07-17T11:34:26+08:00 ] ::1 /stuTP/shop/index.php/Admin/goods/showlist.hhh
ERR: 非法操作:showlist.hhh

[ 2017-07-17T11:34:27+08:00 ] ::1 /stuTP/shop/index.php/Admin/goods/showlist.hhh
ERR: 非法操作:showlist.hhh

[ 2017-07-17T11:34:28+08:00 ] ::1 /stuTP/shop/index.php/Admin/goods/showlist.hhh
ERR: 非法操作:showlist.hhh

[ 2017-07-17T11:34:29+08:00 ] ::1 /stuTP/shop/index.php/Admin/goods/showlist.hhh
ERR: 非法操作:showlist.hhh

[ 2017-07-17T11:34:32+08:00 ] ::1 /stuTP/shop/index.php/Admin/goods/showlist.hh
ERR: 非法操作:showlist.hh

[ 2017-07-17T11:34:34+08:00 ] ::1 /stuTP/shop/index.php/Admin/goods/showlist.h
ERR: 非法操作:showlist.h

[ 2017-07-17T11:34:45+08:00 ] ::1 /stuTP/shop/index.php/Admin/goods/showlist.hhh
ERR: 非法操作:showlist.hhh

[ 2017-07-17T11:36:18+08:00 ] ::1 /stuTP/shop/index.php/Admin/goods/showlist.hhh
ERR: 非法操作:showlist.hhh

[ 2017-07-17T11:36:20+08:00 ] ::1 /stuTP/shop/index.php/Admin/goods/showlist.hhh
ERR: 非法操作:showlist.hhh

[ 2017-07-17T11:36:45+08:00 ] ::1 /stuTP/shop/index.php/Admin/goods/showlist.hhh
ERR: 非法操作:showlist.hhh

[ 2017-07-17T11:39:23+08:00 ] ::1 /stuTP/shop/index.php/Admin/goods/showlist.hhh
ERR: 非法操作:showlist.hhh

[ 2017-07-17T11:39:25+08:00 ] ::1 /stuTP/shop/index.php/Admin/goods/showlist.hhh
ERR: 非法操作:showlist.hhh

[ 2017-07-17T11:40:01+08:00 ] ::1 /stuTP/shop/index.php/Admin/goods/showlist.hhh
ERR: 非法操作:showlist.hhh

[ 2017-07-17T11:40:28+08:00 ] ::1 /stuTP/shop/index.php/Admin/goods/showlist.hhh
ERR: 非法操作:showlist.hhh

[ 2017-07-17T11:43:16+08:00 ] ::1 /stuTP/shop/index.php/Admin/goods/showlist.hhh
ERR: 非法操作:showlist.hhh

[ 2017-07-17T11:44:23+08:00 ] ::1 /stuTP/shop/index.php/Admin/goods/showlist.hhh
ERR: 非法操作:showlist.hhh

[ 2017-07-17T11:46:43+08:00 ] ::1 /stuTP/shop/index.php/Admin/goods/showlist.hhh
ERR: 非法操作:showlist.hhh

[ 2017-07-17T11:46:45+08:00 ] ::1 /stuTP/shop/index.php/Admin/goods/showlist.hhh
ERR: 非法操作:showlist.hhh

[ 2017-07-17T11:47:42+08:00 ] ::1 /stuTP/shop/index.php/Admin/goods/showlist.hhh
ERR: 非法操作:showlist.hhh

[ 2017-07-17T11:47:43+08:00 ] ::1 /stuTP/shop/index.php/Admin/goods/showlist.hhh
ERR: 非法操作:showlist.hhh

[ 2017-07-17T11:47:52+08:00 ] ::1 /stuTP/shop/index.php/Admin/goods/showlist.hhh
ERR: 非法操作:showlist.hhh

[ 2017-07-17T11:47:54+08:00 ] ::1 /stuTP/shop/index.php/Admin/goods/showlist.hhh
ERR: 非法操作:showlist.hhh

[ 2017-07-17T11:48:26+08:00 ] ::1 /stuTP/shop/index.php/Admin/goods/showlist.hhh
ERR: 非法操作:showlist.hhh

[ 2017-07-17T11:48:31+08:00 ] ::1 /stuTP/shop/index.php/Admin/goods/showlist.hhh
ERR: 非法操作:showlist.hhh

[ 2017-07-17T11:48:32+08:00 ] ::1 /stuTP/shop/index.php/Admin/goods/showlist.hhh
ERR: 非法操作:showlist.hhh

[ 2017-07-17T11:48:34+08:00 ] ::1 /stuTP/shop/index.php/Admin/goods/showlist.hhh
ERR: 非法操作:showlist.hhh

[ 2017-07-17T11:48:34+08:00 ] ::1 /stuTP/shop/index.php/Admin/goods/showlist.hhh
ERR: 非法操作:showlist.hhh

[ 2017-07-17T11:48:34+08:00 ] ::1 /stuTP/shop/index.php/Admin/goods/showlist.hhh
ERR: 非法操作:showlist.hhh

[ 2017-07-17T11:48:35+08:00 ] ::1 /stuTP/shop/index.php/Admin/goods/showlist.hhh
ERR: 非法操作:showlist.hhh

[ 2017-07-17T11:48:35+08:00 ] ::1 /stuTP/shop/index.php/Admin/goods/showlist.hhh
ERR: 非法操作:showlist.hhh

[ 2017-07-17T11:48:35+08:00 ] ::1 /stuTP/shop/index.php/Admin/goods/showlist.hhh
ERR: 非法操作:showlist.hhh

[ 2017-07-17T11:48:36+08:00 ] ::1 /stuTP/shop/index.php/Admin/goods/showlist.hhh
ERR: 非法操作:showlist.hhh

[ 2017-07-17T11:48:36+08:00 ] ::1 /stuTP/shop/index.php/Admin/goods/showlist.hhh
ERR: 非法操作:showlist.hhh

[ 2017-07-17T11:48:37+08:00 ] ::1 /stuTP/shop/index.php/Admin/goods/showlist.hhh
ERR: 非法操作:showlist.hhh

[ 2017-07-17T11:48:37+08:00 ] ::1 /stuTP/shop/index.php/Admin/goods/showlist.hhh
ERR: 非法操作:showlist.hhh

[ 2017-07-17T11:48:37+08:00 ] ::1 /stuTP/shop/index.php/Admin/goods/showlist.hhh
ERR: 非法操作:showlist.hhh

[ 2017-07-17T11:48:37+08:00 ] ::1 /stuTP/shop/index.php/Admin/goods/showlist.hhh
ERR: 非法操作:showlist.hhh

[ 2017-07-17T11:48:37+08:00 ] ::1 /stuTP/shop/index.php/Admin/goods/showlist.hhh
ERR: 非法操作:showlist.hhh

[ 2017-07-17T11:48:38+08:00 ] ::1 /stuTP/shop/index.php/Admin/goods/showlist.hhh
ERR: 非法操作:showlist.hhh

[ 2017-07-17T11:48:38+08:00 ] ::1 /stuTP/shop/index.php/Admin/goods/showlist.hhh
ERR: 非法操作:showlist.hhh

[ 2017-07-17T11:48:38+08:00 ] ::1 /stuTP/shop/index.php/Admin/goods/showlist.hhh
ERR: 非法操作:showlist.hhh

[ 2017-07-17T11:48:39+08:00 ] ::1 /stuTP/shop/index.php/Admin/goods/showlist.hhh
ERR: 非法操作:showlist.hhh

[ 2017-07-17T11:49:18+08:00 ] ::1 /stuTP/shop/index.php/Admin/goods/showlist.hhh
ERR: 非法操作:showlist.hhh

[ 2017-07-17T11:49:33+08:00 ] ::1 /stuTP/shop/index.php/Admin/goods/showlist.hhh
ERR: 非法操作:showlist.hhh

[ 2017-07-17T11:49:37+08:00 ] ::1 /stuTP/shop/index.php/Admin/goods/showlist.hhh
ERR: 非法操作:showlist.hhh

[ 2017-07-17T11:50:38+08:00 ] ::1 /stuTP/shop/index.php/Admin/goods/showlist.hhh
ERR: 非法操作:showlist.hhh

[ 2017-07-17T11:50:39+08:00 ] ::1 /stuTP/shop/index.php/Admin/goods/showlist.hhh
ERR: 非法操作:showlist.hhh

[ 2017-07-17T11:58:27+08:00 ] ::1 /stuTP/shop/index.php/Admin/goods/showlist.hhh
ERR: 非法操作:showlist.hhh

[ 2017-07-17T11:58:30+08:00 ] ::1 /stuTP/shop/index.php/Admin/goods/showlist.hhh
ERR: 非法操作:showlist.hhh

[ 2017-07-17T11:59:02+08:00 ] ::1 /stuTP/shop/index.php/Admin/goods/showlist.hhh
ERR: 非法操作:showlist.hhh

[ 2017-07-17T11:59:04+08:00 ] ::1 /stuTP/shop/index.php/Admin/goods/showlist.hhh
ERR: 非法操作:showlist.hhh

[ 2017-07-17T12:21:28+08:00 ] ::1 /stuTP/shop/index.php/Admin/goods/showlist.hhh
ERR: 非法操作:showlist.hhh

[ 2017-07-17T12:23:22+08:00 ] ::1 /stuTP/shop/index.php/Admin/goods/showlist.hhh
ERR: 非法操作:showlist.hhh

[ 2017-07-17T12:23:26+08:00 ] ::1 /stuTP/shop/index.php/Admin/goods/showlist.hhh
ERR: 非法操作:showlist.hhh

[ 2017-07-17T12:23:36+08:00 ] ::1 /stuTP/shop/index.php/Admin/goods/showlist.hhh
ERR: 非法操作:.showlist

[ 2017-07-17T12:23:40+08:00 ] ::1 /stuTP/shop/index.php/Admin/goods/showlist.hhh
ERR: 非法操作:.showlist

[ 2017-07-17T12:23:43+08:00 ] ::1 /stuTP/shop/index.php/Admin/goods/showlist.hhh
ERR: 非法操作:.showlist

[ 2017-07-17T12:23:59+08:00 ] ::1 /stuTP/shop/index.php/Admin/goods/showlist.hhh
ERR: 非法操作:.showlist

[ 2017-07-17T15:26:50+08:00 ] ::1 /stuTP/shop/index.php/Admin/goods/12_update
ERR: 非法操作:12_update

[ 2017-07-17T15:27:38+08:00 ] ::1 /stuTP/shop/index.php/Admin/Goods/updatelist/12_update
ERR: 参数错误或者未定义:goods_id

[ 2017-07-17T15:29:23+08:00 ] ::1 /stuTP/shop/index.php/Admin/Goods/updatelist/12_update
ERR: 参数错误或者未定义:goods_id

[ 2017-07-17T15:29:25+08:00 ] ::1 /stuTP/shop/index.php/Admin/Goods/updatelist/12_update
ERR: 参数错误或者未定义:goods_id

[ 2017-07-17T15:29:38+08:00 ] ::1 /stuTP/shop/index.php/Admin/Goods/updatelist/12_update
ERR: 参数错误或者未定义:goods_id

[ 2017-07-17T15:30:33+08:00 ] ::1 /stuTP/shop/index.php/Admin/Goods/updatelist/12_update
ERR: 参数错误或者未定义:goods_id

[ 2017-07-17T15:38:49+08:00 ] ::1 /stuTP/shop/index.php/Admin/Goods/updatelist/12_update
ERR: 参数错误或者未定义:goods_id

[ 2017-07-17T15:38:54+08:00 ] ::1 /stuTP/shop/index.php/Admin/Goods/updatelist/12_update
ERR: 参数错误或者未定义:goods_id

[ 2017-07-17T15:38:58+08:00 ] ::1 /stuTP/shop/index.php/Admin/Goods/updatelist/12_update
ERR: 参数错误或者未定义:goods_id

[ 2017-07-17T15:40:43+08:00 ] ::1 /stuTP/shop/index.php/Admin/Goods/updatelist/13_update
ERR: 参数错误或者未定义:goods_id

[ 2017-07-17T15:42:40+08:00 ] ::1 /stuTP/shop/index.php/Admin/Goods/updatelist/12_update
ERR: 参数错误或者未定义:goods_id

[ 2017-07-17T15:43:35+08:00 ] ::1 /stuTP/shop/index.php/Admin/Goods/updatelist/12_update
ERR: 参数错误或者未定义:goods_id

[ 2017-07-17T15:43:37+08:00 ] ::1 /stuTP/shop/index.php/Admin/Goods/updatelist/12_update
ERR: 参数错误或者未定义:goods_id

[ 2017-07-17T15:43:41+08:00 ] ::1 /stuTP/shop/index.php/Admin/Goods/updatelist/12_update
ERR: 参数错误或者未定义:goods_id

[ 2017-07-17T15:44:00+08:00 ] ::1 /stuTP/shop/index.php/Admin/Goods/updatelist/12_update
ERR: 参数错误或者未定义:goods_id

[ 2017-07-17T15:44:01+08:00 ] ::1 /stuTP/shop/index.php/Admin/Goods/updatelist/12_update
ERR: 参数错误或者未定义:goods_id

[ 2017-07-17T15:44:02+08:00 ] ::1 /stuTP/shop/index.php/Admin/Goods/updatelist/12_update
ERR: 参数错误或者未定义:goods_id

[ 2017-07-17T15:44:02+08:00 ] ::1 /stuTP/shop/index.php/Admin/Goods/updatelist/12_update
ERR: 参数错误或者未定义:goods_id

[ 2017-07-17T15:44:02+08:00 ] ::1 /stuTP/shop/index.php/Admin/Goods/updatelist/12_update
ERR: 参数错误或者未定义:goods_id

[ 2017-07-17T15:44:02+08:00 ] ::1 /stuTP/shop/index.php/Admin/Goods/updatelist/12_update
ERR: 参数错误或者未定义:goods_id

[ 2017-07-17T15:44:03+08:00 ] ::1 /stuTP/shop/index.php/Admin/Goods/updatelist/12_update
ERR: 参数错误或者未定义:goods_id

[ 2017-07-17T15:44:03+08:00 ] ::1 /stuTP/shop/index.php/Admin/Goods/updatelist/12_update
ERR: 参数错误或者未定义:goods_id

[ 2017-07-17T15:44:03+08:00 ] ::1 /stuTP/shop/index.php/Admin/Goods/updatelist/12_update
ERR: 参数错误或者未定义:goods_id

[ 2017-07-17T15:44:03+08:00 ] ::1 /stuTP/shop/index.php/Admin/Goods/updatelist/12_update
ERR: 参数错误或者未定义:goods_id

[ 2017-07-17T15:44:04+08:00 ] ::1 /stuTP/shop/index.php/Admin/Goods/updatelist/12_update
ERR: 参数错误或者未定义:goods_id

[ 2017-07-17T15:44:04+08:00 ] ::1 /stuTP/shop/index.php/Admin/Goods/updatelist/12_update
ERR: 参数错误或者未定义:goods_id

[ 2017-07-17T15:44:04+08:00 ] ::1 /stuTP/shop/index.php/Admin/Goods/updatelist/12_update
ERR: 参数错误或者未定义:goods_id

[ 2017-07-17T15:44:04+08:00 ] ::1 /stuTP/shop/index.php/Admin/Goods/updatelist/12_update
ERR: 参数错误或者未定义:goods_id

[ 2017-07-17T15:44:04+08:00 ] ::1 /stuTP/shop/index.php/Admin/Goods/updatelist/12_update
ERR: 参数错误或者未定义:goods_id

[ 2017-07-17T15:44:05+08:00 ] ::1 /stuTP/shop/index.php/Admin/Goods/updatelist/12_update
ERR: 参数错误或者未定义:goods_id

[ 2017-07-17T15:44:05+08:00 ] ::1 /stuTP/shop/index.php/Admin/Goods/updatelist/12_update
ERR: 参数错误或者未定义:goods_id

[ 2017-07-17T15:44:05+08:00 ] ::1 /stuTP/shop/index.php/Admin/Goods/updatelist/12_update
ERR: 参数错误或者未定义:goods_id

[ 2017-07-17T15:44:06+08:00 ] ::1 /stuTP/shop/index.php/Admin/Goods/updatelist/12_update
ERR: 参数错误或者未定义:goods_id

[ 2017-07-17T15:44:06+08:00 ] ::1 /stuTP/shop/index.php/Admin/Goods/updatelist/12_update
ERR: 参数错误或者未定义:goods_id

[ 2017-07-17T17:37:05+08:00 ] 127.0.0.1 /stutp/shop/index.php/Admin/goods/phpwamp_info/phpwamp.com.js
ERR: 非法操作:phpwamp_info

[ 2017-07-17T17:37:05+08:00 ] 127.0.0.1 /stutp/shop/index.php/Admin/goods/phpwamp_info/searchform_simple.css
ERR: 非法操作:phpwamp_info

[ 2017-07-17T17:37:05+08:00 ] 127.0.0.1 /stutp/shop/index.php/Admin/goods/phpwamp_info/searchform.js
ERR: 非法操作:phpwamp_info

[ 2017-07-17T17:37:05+08:00 ] 127.0.0.1 /stutp/shop/index.php/Admin/goods/menu/templates/images/bottommenu_1/A.css
ERR: 非法操作:menu

[ 2017-07-17T17:37:05+08:00 ] 127.0.0.1 /stutp/shop/index.php/Admin/goods/phpwamp_info/common.css
ERR: 非法操作:phpwamp_info

[ 2017-07-17T17:37:05+08:00 ] 127.0.0.1 /stutp/shop/index.php/Admin/goods/phpwamp_info/searchform_simple.css
ERR: 非法操作:phpwamp_info

[ 2017-07-17T17:37:05+08:00 ] 127.0.0.1 /stutp/shop/index.php/Admin/goods/menu/templates/images/bottommenu_1/A.css
ERR: 非法操作:menu

[ 2017-07-17T17:37:05+08:00 ] 127.0.0.1 /stutp/shop/index.php/Admin/goods/phpwamp_info/CPU.php
ERR: 非法操作:phpwamp_info

[ 2017-07-17T17:37:09+08:00 ] 127.0.0.1 /stutp/shop/index.php/Admin/goods/phpwamp_info/phpwamp.com.js
ERR: 非法操作:phpwamp_info

[ 2017-07-17T17:37:09+08:00 ] 127.0.0.1 /stutp/shop/index.php/Admin/goods/phpwamp_info/searchform.js
ERR: 非法操作:phpwamp_info

[ 2017-07-17T17:37:09+08:00 ] 127.0.0.1 /stutp/shop/index.php/Admin/goods/phpwamp_info/searchform_simple.css
ERR: 非法操作:phpwamp_info

[ 2017-07-17T17:37:09+08:00 ] 127.0.0.1 /stutp/shop/index.php/Admin/goods/phpwamp_info/common.css
ERR: 非法操作:phpwamp_info

[ 2017-07-17T17:37:09+08:00 ] 127.0.0.1 /stutp/shop/index.php/Admin/goods/menu/templates/images/bottommenu_1/A.css
ERR: 非法操作:menu

[ 2017-07-17T17:37:09+08:00 ] 127.0.0.1 /stutp/shop/index.php/Admin/goods/menu/templates/images/bottommenu_1/A.css
ERR: 非法操作:menu

[ 2017-07-17T17:37:09+08:00 ] 127.0.0.1 /stutp/shop/index.php/Admin/goods/phpwamp_info/CPU.php
ERR: 非法操作:phpwamp_info

[ 2017-07-17T17:38:29+08:00 ] 127.0.0.1 /stutp/shop/index.php/Admin/goods/phpwamp_info/searchform.js
ERR: 非法操作:phpwamp_info

[ 2017-07-17T17:38:29+08:00 ] 127.0.0.1 /stutp/shop/index.php/Admin/goods/menu/templates/images/bottommenu_1/A.css
ERR: 非法操作:menu

[ 2017-07-17T17:38:29+08:00 ] 127.0.0.1 /stutp/shop/index.php/Admin/goods/phpwamp_info/phpwamp.com.js
ERR: 非法操作:phpwamp_info

[ 2017-07-17T17:38:29+08:00 ] 127.0.0.1 /stutp/shop/index.php/Admin/goods/phpwamp_info/common.css
ERR: 非法操作:phpwamp_info

[ 2017-07-17T17:38:29+08:00 ] 127.0.0.1 /stutp/shop/index.php/Admin/goods/phpwamp_info/searchform_simple.css
ERR: 非法操作:phpwamp_info

[ 2017-07-17T17:38:29+08:00 ] 127.0.0.1 /stutp/shop/index.php/Admin/goods/phpwamp_info/searchform.js
ERR: 非法操作:phpwamp_info

[ 2017-07-17T17:38:29+08:00 ] 127.0.0.1 /stutp/shop/index.php/Admin/goods/phpwamp_info/searchform_simple.css
ERR: 非法操作:phpwamp_info

[ 2017-07-17T17:38:29+08:00 ] 127.0.0.1 /stutp/shop/index.php/Admin/goods/phpwamp_info/CPU.php
ERR: 非法操作:phpwamp_info

[ 2017-07-17T17:38:29+08:00 ] 127.0.0.1 /stutp/shop/index.php/Admin/goods/phpwamp_info/common.css
ERR: 非法操作:phpwamp_info

[ 2017-07-17T17:38:29+08:00 ] 127.0.0.1 /stutp/shop/index.php/Admin/goods/menu/templates/images/bottommenu_1/A.css
ERR: 非法操作:menu

