[ 2017-06-26T01:10:53+08:00 ] ::1 /StuTP/shop/index.php/Admin/magager/login
ERR: 无法加载控制器:Magager

[ 2017-06-26T01:29:05+08:00 ] ::1 /StuTP/shop/index.php/Admin/index/login
ERR: 非法操作:login

[ 2017-06-26T01:29:50+08:00 ] ::1 /stuTP/shop/index.php/admin/goods/tianjia
ERR: 非法操作:tianjia

[ 2017-06-26T01:36:07+08:00 ] ::1 /stuTP/shop/index.php/Admin/Goods/showlist.html
ERR: Syntax Error in template "E:/phpwamp/wwwroot/StuTP/shop/Admin/View\Goods\showlist.html"  on line 18 "&lt;a style=&quot; text-decoration: none;&quot; href=&quot;{__MODEL__}/addlist&quot;&gt;【添加商品】&lt;/a&gt;" unknown tag "__MODEL__"

[ 2017-06-26T01:36:42+08:00 ] ::1 /stuTP/shop/index.php/Admin/Goods/__MODEL__/addlist
ERR: 非法操作:__MODEL__

[ 2017-06-26T01:38:23+08:00 ] ::1 /stuTP/shop/index.php/Admin/Goods/__MODEL__/addlist
ERR: 非法操作:__MODEL__

[ 2017-06-26T01:38:58+08:00 ] ::1 /stuTP/shop/index.php/Admin/addlist
ERR: 无法加载控制器:Addlist

[ 2017-06-26T01:40:18+08:00 ] ::1 /stuTP/shop/index.php/Admin/Goods/admin.php?c=goods&a=showlist
ERR: 非法操作:admin.php

[ 2017-06-26T02:28:06+08:00 ] ::1 /StuTP/shop/index.php/admin/user/register
ERR: 无法加载控制器:User

[ 2017-06-26T02:28:35+08:00 ] ::1 /StuTP/shop/index.php/admin/manager/register
ERR: 非法操作:register

