[ 2017-06-20T00:13:34+08:00 ] ::1 /StuTP/shop/index.php/admin/goods/updatalist
ERR: 非法操作:updatalist

[ 2017-06-20T00:30:01+08:00 ] ::1 /stuTP/shop/index.php/admin/goods/showlist
ERR: Syntax Error in template "E:/phpwamp/wwwroot/StuTP/shop/Admin/View\Goods\showlist.html"  on line 56 "&lt;td&gt;{$v.goods_create_time|date_format:%Y-%M-%D %T}&lt;/td&gt;"  - Unexpected "%"

[ 2017-06-20T00:30:22+08:00 ] ::1 /stuTP/shop/index.php/admin/goods/showlist
ERR: Syntax Error in template "E:/phpwamp/wwwroot/StuTP/shop/Admin/View\Goods\showlist.html"  on line 56 "&lt;td&gt;{$v.goods_create_time|date_format:%y-%m-%d %t}&lt;/td&gt;"  - Unexpected "%"

[ 2017-06-20T00:41:04+08:00 ] ::1 /stuTP/shop/index.php/admin/goods/0
ERR: 非法操作:index

[ 2017-06-20T00:43:47+08:00 ] ::1 /stuTP/shop/index.php/admin/goods/0
ERR: 非法操作:index

[ 2017-06-20T00:44:56+08:00 ] ::1 /stuTP/shop/index.php/admin/goods/0
ERR: 非法操作:index

[ 2017-06-20T00:54:10+08:00 ] ::1 /stuTP/shop/index.php/admin/goods/__MODEL__/updatelist/goods_id/3
ERR: 非法操作:__MODEL__

[ 2017-06-20T00:56:00+08:00 ] ::1 /stuTP/shop/index.php/admin/goods/__MODEL__/updatelist/goods_id/3
ERR: 非法操作:__MODEL__

[ 2017-06-20T01:21:28+08:00 ] ::1 /stuTP/shop/index.php/Admin/Goods/updatelist/goods_id/4
ERR: 1054:Unknown column '$goods_id' in 'where clause'
 [ SQL语句 ] : SELECT * FROM `sw_goods` WHERE ( goods_id=$goods_id ) 

[ 2017-06-20T01:23:25+08:00 ] ::1 /stuTP/shop/index.php/Admin/Goods/updatelist
ERR: 参数错误或者未定义:goods_id

[ 2017-06-20T01:51:18+08:00 ] ::1 /stuTP/shop/index.php/Admin/Goods/updatelist.html
ERR: 参数错误或者未定义:goods_id

[ 2017-06-20T01:52:23+08:00 ] ::1 /stuTP/shop/index.php/Admin/Goods/updatelist.html
ERR: 参数错误或者未定义:goods_id

[ 2017-06-20T01:53:54+08:00 ] ::1 /stuTP/shop/index.php/Admin/updatelist/goods_id.html
ERR: 无法加载控制器:Updatelist

[ 2017-06-20T01:57:54+08:00 ] ::1 /stuTP/shop/index.php/Admin/Goods/updatelist.html
ERR: 参数错误或者未定义:goods_id

[ 2017-06-20T02:00:39+08:00 ] ::1 /stuTP/shop/index.php/Admin/Goods/updatelist.html
ERR: 参数错误或者未定义:goods_id

[ 2017-06-20T02:07:47+08:00 ] ::1 /stuTP/shop/index.php/Admin/Goods/updatelist/goods_id/8
ERR: 1062:Duplicate entry '0' for key 'PRIMARY'
 [ SQL语句 ] : UPDATE `sw_goods` SET `goods_id`='0',`goods_name`='飞利浦3@3v',`goods_number`='888',`goods_weight`='120',`goods_price`='1300.00',`goods_introduce`=''

[ 2017-06-20T02:10:36+08:00 ] ::1 /stuTP/shop/index.php/Admin/Goods/updatelist.html
ERR: 参数错误或者未定义:goods_id

[ 2017-06-20T02:26:39+08:00 ] ::1 /StuTP/shop/index.php/admin/goods/updatalist
ERR: 非法操作:updatalist

[ 2017-06-20T02:32:15+08:00 ] ::1 /stuTP/shop/index.php/Admin/Goods/updatelist/goods_id/4
ERR: 1062:Duplicate entry '4' for key 'PRIMARY'
 [ SQL语句 ] : INSERT INTO `sw_goods` (`goods_id`,`goods_name`,`goods_number`,`goods_weight`,`goods_price`,`goods_introduce`) VALUES ('4','oppo','222','3333','111.00','')

[ 2017-06-20T02:33:02+08:00 ] ::1 /stuTP/shop/index.php/Admin/Goods/updatelist/goods_id/4
ERR: Think\Model:sava方法不存在！

